#
# There is insufficient memory for the Java Runtime Environment to continue.
# Native memory allocation (malloc) failed to allocate 32744 bytes for ChunkPool::allocate
# Possible reasons:
#   The system is out of physical RAM or swap space
#   The process is running with CompressedOops enabled, and the Java Heap may be blocking the growth of the native heap
# Possible solutions:
#   Reduce memory load on the system
#   Increase physical memory or swap space
#   Check if swap backing store is full
#   Decrease Java heap size (-Xmx/-Xms)
#   Decrease number of Java threads
#   Decrease Java thread stack sizes (-Xss)
#   Set larger code cache with -XX:ReservedCodeCacheSize=
#   JVM is running with Zero Based Compressed Oops mode in which the Java heap is
#     placed in the first 32GB address space. The Java Heap base address is the
#     maximum limit for the native heap growth. Please use -XX:HeapBaseMinAddress
#     to set the Java Heap base and to place the Java Heap above 32GB virtual address.
# This output file may be truncated or incomplete.
#
#  Out of Memory Error (allocation.cpp:273), pid=4160, tid=0x0000000000000d80
#
# JRE version: Java(TM) SE Runtime Environment (8.0_192-b12) (build 1.8.0_192-b12)
# Java VM: Java HotSpot(TM) 64-Bit Server VM (25.192-b12 mixed mode windows-amd64 compressed oops)
# Failed to write core dump. Minidumps are not enabled by default on client versions of Windows
#

---------------  T H R E A D  ---------------

Current thread (0x000000001d5f6800):  JavaThread "C1 CompilerThread3" daemon [_thread_in_native, id=3456, stack(0x000000001ef40000,0x000000001f040000)]

Stack: [0x000000001ef40000,0x000000001f040000]
[error occurred during error reporting (printing stack bounds), id 0xc0000005]

Native frames: (J=compiled Java code, j=interpreted, Vv=VM code, C=native code)


Current CompileTask:
C1:   4232  542       3       javax.swing.plaf.nimbus.NimbusStyle::validate (1178 bytes)


---------------  P R O C E S S  ---------------

Java Threads: ( => current thread )
  0x000000001f5b0000 JavaThread "TimerQueue" daemon [_thread_blocked, id=9184, stack(0x0000000021dd0000,0x0000000021ed0000)]
  0x0000000002252800 JavaThread "DestroyJavaVM" [_thread_blocked, id=14044, stack(0x0000000002150000,0x0000000002250000)]
  0x000000001f488000 JavaThread "AWT-EventQueue-0" [_thread_blocked, id=4296, stack(0x0000000020a40000,0x0000000020b40000)]
  0x000000001f46f000 JavaThread "AWT-Windows" daemon [_thread_in_native, id=5032, stack(0x000000001fd80000,0x000000001fe80000)]
  0x000000001f414800 JavaThread "AWT-Shutdown" [_thread_blocked, id=4216, stack(0x000000001fc80000,0x000000001fd80000)]
  0x000000001f414000 JavaThread "Java2D Disposer" daemon [_thread_blocked, id=5388, stack(0x000000001fb80000,0x000000001fc80000)]
  0x000000001d66f800 JavaThread "Service Thread" daemon [_thread_blocked, id=15336, stack(0x000000001f040000,0x000000001f140000)]
=>0x000000001d5f6800 JavaThread "C1 CompilerThread3" daemon [_thread_in_native, id=3456, stack(0x000000001ef40000,0x000000001f040000)]
  0x000000001d5f5800 JavaThread "C2 CompilerThread2" daemon [_thread_blocked, id=3460, stack(0x000000001ee40000,0x000000001ef40000)]
  0x000000001d5ec800 JavaThread "C2 CompilerThread1" daemon [_thread_blocked, id=1280, stack(0x000000001ed40000,0x000000001ee40000)]
  0x000000001d5e5800 JavaThread "C2 CompilerThread0" daemon [_thread_blocked, id=1296, stack(0x000000001ec40000,0x000000001ed40000)]
  0x000000001d5e4000 JavaThread "Attach Listener" daemon [_thread_blocked, id=10836, stack(0x000000001eb40000,0x000000001ec40000)]
  0x000000001d5df800 JavaThread "Signal Dispatcher" daemon [_thread_blocked, id=17484, stack(0x000000001ea40000,0x000000001eb40000)]
  0x000000000234a000 JavaThread "Finalizer" daemon [_thread_blocked, id=16416, stack(0x000000001e840000,0x000000001e940000)]
  0x0000000002349000 JavaThread "Reference Handler" daemon [_thread_blocked, id=14660, stack(0x000000001e740000,0x000000001e840000)]

Other Threads:
  0x000000001d5b2800 VMThread [stack: 0x000000001e640000,0x000000001e740000] [id=10472]
  0x000000001d61a000 WatcherThread [stack: 0x000000001f140000,0x000000001f240000] [id=3940]

VM state:not at safepoint (normal execution)

VM Mutex/Monitor currently owned by a thread: None

heap address: 0x00000006c2400000, size: 4060 MB, Compressed Oops mode: Zero based, Oop shift amount: 3
Narrow klass base: 0x0000000000000000, Narrow klass shift: 3
Compressed class space size: 1073741824 Address: 0x00000007c0000000

Heap:
 PSYoungGen      total 75776K, used 21173K [0x000000076b700000, 0x0000000770b80000, 0x00000007c0000000)
  eden space 65024K, 32% used [0x000000076b700000,0x000000076cbad4c0,0x000000076f680000)
  from space 10752K, 0% used [0x0000000770100000,0x0000000770100000,0x0000000770b80000)
  to   space 10752K, 0% used [0x000000076f680000,0x000000076f680000,0x0000000770100000)
 ParOldGen       total 173568K, used 0K [0x00000006c2400000, 0x00000006ccd80000, 0x000000076b700000)
  object space 173568K, 0% used [0x00000006c2400000,0x00000006c2400000,0x00000006ccd80000)
 Metaspace       used 11650K, capacity 11852K, committed 12160K, reserved 1060864K
  class space    used 1518K, capacity 1606K, committed 1664K, reserved 1048576K

Card table byte_map: [0x0000000011710000,0x0000000011f00000] byte_map_base: 0x000000000e0fe000

Marking Bits: (ParMarkBitMap*) 0x000000005af03ce0
 Begin Bits: [0x0000000012e50000, 0x0000000016dc0000)
 End Bits:   [0x0000000016dc0000, 0x000000001ad30000)

Polling page: 0x0000000000600000

CodeCache: size=245760Kb used=2161Kb max_used=2161Kb free=243598Kb
 bounds [0x0000000002350000, 0x00000000025c0000, 0x0000000011350000]
 total_blobs=1024 nmethods=540 adapters=397
 compilation: enabled

Compilation events (10 events):
Event: 3.725 Thread 0x000000001d5f6800 nmethod 535 0x00000000025675d0 code [0x0000000002567800, 0x00000000025689c8]
Event: 4.105 Thread 0x000000001d5f6800  537       3       java.util.LinkedList::<init> (10 bytes)
Event: 4.105 Thread 0x000000001d5f6800 nmethod 537 0x0000000002567050 code [0x00000000025671c0, 0x0000000002567490]
Event: 4.105 Thread 0x000000001d5f6800  538       3       java.util.AbstractSequentialList::<init> (5 bytes)
Event: 4.105 Thread 0x000000001d5f6800 nmethod 538 0x000000000256cc10 code [0x000000000256cd80, 0x000000000256cff0]
Event: 4.223 Thread 0x000000001d5f6800  539       3       java.util.concurrent.locks.AbstractQueuedSynchronizer::setState (6 bytes)
Event: 4.224 Thread 0x000000001d5f6800 nmethod 539 0x000000000256d110 code [0x000000000256d260, 0x000000000256d3b0]
Event: 4.224 Thread 0x000000001d5f6800  541       3       sun.java2d.pipe.Region::dimAdd (20 bytes)
Event: 4.224 Thread 0x000000001d5f6800 nmethod 541 0x000000000256d410 code [0x000000000256d560, 0x000000000256d730]
Event: 4.224 Thread 0x000000001d5f6800  542       3       javax.swing.plaf.nimbus.NimbusStyle::validate (1178 bytes)

GC Heap History (0 events):
No events

Deoptimization events (2 events):
Event: 0.890 Thread 0x0000000002252800 Uncommon trap: reason=null_check action=make_not_entrant pc=0x00000000024bf71c method=java.lang.String.equals(Ljava/lang/Object;)Z @ 8
Event: 1.220 Thread 0x000000001f488000 Uncommon trap: reason=unstable_if action=reinterpret pc=0x000000000254cebc method=java.awt.MultipleGradientPaintContext.indexIntoGradientsArrays(F)I @ 13

Classes redefined (0 events):
No events

Internal exceptions (10 events):
Event: 0.933 Thread 0x0000000002252800 Exception <a 'java/lang/ClassNotFoundException': ToolBar> (0x000000076bc60708) thrown at [C:\workspace\8-2-build-windows-amd64-cygwin\jdk8u192\11897\hotspot\src\share\vm\classfile\systemDictionary.cpp, line 210]
Event: 0.933 Thread 0x0000000002252800 Exception <a 'java/lang/ClassNotFoundException': ToggleButton> (0x000000076bc60cb8) thrown at [C:\workspace\8-2-build-windows-amd64-cygwin\jdk8u192\11897\hotspot\src\share\vm\classfile\systemDictionary.cpp, line 210]
Event: 0.933 Thread 0x0000000002252800 Exception <a 'java/lang/ClassNotFoundException': javax/swing/JToolBarSeparator> (0x000000076bc61118) thrown at [C:\workspace\8-2-build-windows-amd64-cygwin\jdk8u192\11897\hotspot\src\share\vm\classfile\systemDictionary.cpp, line 210]
Event: 0.934 Thread 0x0000000002252800 Exception <a 'java/lang/ClassNotFoundException': ToolBarSeparator> (0x000000076bc615b0) thrown at [C:\workspace\8-2-build-windows-amd64-cygwin\jdk8u192\11897\hotspot\src\share\vm\classfile\systemDictionary.cpp, line 210]
Event: 0.934 Thread 0x0000000002252800 Exception <a 'java/lang/ClassNotFoundException': ToolTip> (0x000000076bc61cf0) thrown at [C:\workspace\8-2-build-windows-amd64-cygwin\jdk8u192\11897\hotspot\src\share\vm\classfile\systemDictionary.cpp, line 210]
Event: 0.935 Thread 0x0000000002252800 Exception <a 'java/lang/ClassNotFoundException': Tree> (0x000000076bc62910) thrown at [C:\workspace\8-2-build-windows-amd64-cygwin\jdk8u192\11897\hotspot\src\share\vm\classfile\systemDictionary.cpp, line 210]
Event: 0.935 Thread 0x0000000002252800 Exception <a 'java/lang/ClassNotFoundException': Tree> (0x000000076bc63050) thrown at [C:\workspace\8-2-build-windows-amd64-cygwin\jdk8u192\11897\hotspot\src\share\vm\classfile\systemDictionary.cpp, line 210]
Event: 0.935 Thread 0x0000000002252800 Exception <a 'java/lang/ClassNotFoundException': javax/swing/JTreeCell> (0x000000076bc633d0) thrown at [C:\workspace\8-2-build-windows-amd64-cygwin\jdk8u192\11897\hotspot\src\share\vm\classfile\systemDictionary.cpp, line 210]
Event: 0.935 Thread 0x0000000002252800 Exception <a 'java/lang/ClassNotFoundException': TreeCell> (0x000000076bc63858) thrown at [C:\workspace\8-2-build-windows-amd64-cygwin\jdk8u192\11897\hotspot\src\share\vm\classfile\systemDictionary.cpp, line 210]
Event: 0.935 Thread 0x0000000002252800 Exception <a 'java/lang/ClassNotFoundException': RootPane> (0x000000076bc642b8) thrown at [C:\workspace\8-2-build-windows-amd64-cygwin\jdk8u192\11897\hotspot\src\share\vm\classfile\systemDictionary.cpp, line 210]

Events (10 events):
Event: 1.221 loading class java/awt/geom/Path2D$Float$TxIterator
Event: 1.221 loading class java/awt/geom/Path2D$Iterator
Event: 1.221 loading class java/awt/geom/Path2D$Iterator done
Event: 1.221 loading class java/awt/geom/Path2D$Float$TxIterator done
Event: 1.717 loading class javax/swing/Timer$1
Event: 1.717 loading class javax/swing/Timer$1 done
Event: 2.258 loading class java/awt/LightweightDispatcher$2
Event: 2.259 loading class java/awt/LightweightDispatcher$2 done
Event: 4.144 Executing VM operation: EnableBiasedLocking
Event: 4.144 Executing VM operation: EnableBiasedLocking done


Dynamic libraries:
0x00007ff6c4f80000 - 0x00007ff6c4fb7000 	C:\Program Files\Java\jdk1.8.0_192\bin\java.exe
0x00007ffbe41e0000 - 0x00007ffbe43d0000 	C:\WINDOWS\SYSTEM32\ntdll.dll
0x00007ffbb32d0000 - 0x00007ffbb32e4000 	C:\Program Files\AVAST Software\Avast\aswhook.dll
0x00007ffbe2cf0000 - 0x00007ffbe2da2000 	C:\WINDOWS\System32\KERNEL32.DLL
0x00007ffbe15c0000 - 0x00007ffbe1863000 	C:\WINDOWS\System32\KERNELBASE.dll
0x00007ffbe22c0000 - 0x00007ffbe2363000 	C:\WINDOWS\System32\ADVAPI32.dll
0x00007ffbe2f30000 - 0x00007ffbe2fce000 	C:\WINDOWS\System32\msvcrt.dll
0x00007ffbe2db0000 - 0x00007ffbe2e47000 	C:\WINDOWS\System32\sechost.dll
0x00007ffbe2b50000 - 0x00007ffbe2c70000 	C:\WINDOWS\System32\RPCRT4.dll
0x00007ffbe3a50000 - 0x00007ffbe3be4000 	C:\WINDOWS\System32\USER32.dll
0x00007ffbe1ac0000 - 0x00007ffbe1ae1000 	C:\WINDOWS\System32\win32u.dll
0x00007ffbe2b20000 - 0x00007ffbe2b46000 	C:\WINDOWS\System32\GDI32.dll
0x00007ffbe1300000 - 0x00007ffbe1494000 	C:\WINDOWS\System32\gdi32full.dll
0x00007ffbe14a0000 - 0x00007ffbe153e000 	C:\WINDOWS\System32\msvcp_win.dll
0x00007ffbe1870000 - 0x00007ffbe196a000 	C:\WINDOWS\System32\ucrtbase.dll
0x00007ffbd3b60000 - 0x00007ffbd3de5000 	C:\WINDOWS\WinSxS\amd64_microsoft.windows.common-controls_6595b64144ccf1df_6.0.18362.535_none_e6c3b34713100821\COMCTL32.dll
0x00007ffbe35e0000 - 0x00007ffbe3916000 	C:\WINDOWS\System32\combase.dll
0x00007ffbe1540000 - 0x00007ffbe15c0000 	C:\WINDOWS\System32\bcryptPrimitives.dll
0x00007ffbe2290000 - 0x00007ffbe22be000 	C:\WINDOWS\System32\IMM32.DLL
0x000000005a600000 - 0x000000005a6d1000 	C:\Program Files\Java\jdk1.8.0_192\jre\bin\msvcr100.dll
0x000000005a6e0000 - 0x000000005af83000 	C:\Program Files\Java\jdk1.8.0_192\jre\bin\server\jvm.dll
0x00007ffbe2370000 - 0x00007ffbe2378000 	C:\WINDOWS\System32\PSAPI.DLL
0x00007ffbced20000 - 0x00007ffbced29000 	C:\WINDOWS\SYSTEM32\WSOCK32.dll
0x00007ffbe2ec0000 - 0x00007ffbe2f2f000 	C:\WINDOWS\System32\WS2_32.dll
0x00007ffbdf190000 - 0x00007ffbdf1b4000 	C:\WINDOWS\SYSTEM32\WINMM.dll
0x00007ffbda170000 - 0x00007ffbda17a000 	C:\WINDOWS\SYSTEM32\VERSION.dll
0x00007ffbdf160000 - 0x00007ffbdf18d000 	C:\WINDOWS\SYSTEM32\WINMMBASE.dll
0x00007ffbe11a0000 - 0x00007ffbe11ea000 	C:\WINDOWS\System32\cfgmgr32.dll
0x00007ffbddb90000 - 0x00007ffbddb9f000 	C:\Program Files\Java\jdk1.8.0_192\jre\bin\verify.dll
0x00007ffbda310000 - 0x00007ffbda339000 	C:\Program Files\Java\jdk1.8.0_192\jre\bin\java.dll
0x00007ffbdda40000 - 0x00007ffbdda56000 	C:\Program Files\Java\jdk1.8.0_192\jre\bin\zip.dll
0x00007ffbe2430000 - 0x00007ffbe2b15000 	C:\WINDOWS\System32\SHELL32.dll
0x00007ffbe2380000 - 0x00007ffbe2429000 	C:\WINDOWS\System32\shcore.dll
0x00007ffbe1af0000 - 0x00007ffbe226f000 	C:\WINDOWS\System32\windows.storage.dll
0x00007ffbe1150000 - 0x00007ffbe116f000 	C:\WINDOWS\System32\profapi.dll
0x00007ffbe1100000 - 0x00007ffbe114a000 	C:\WINDOWS\System32\powrprof.dll
0x00007ffbe10b0000 - 0x00007ffbe10c0000 	C:\WINDOWS\System32\UMPDC.dll
0x00007ffbe3920000 - 0x00007ffbe3972000 	C:\WINDOWS\System32\shlwapi.dll
0x00007ffbe10e0000 - 0x00007ffbe10f1000 	C:\WINDOWS\System32\kernel.appcore.dll
0x00007ffbe2270000 - 0x00007ffbe2287000 	C:\WINDOWS\System32\cryptsp.dll
0x00007ffba8520000 - 0x00007ffba86b9000 	C:\Program Files\Java\jdk1.8.0_192\jre\bin\awt.dll
0x00007ffbe2ff0000 - 0x00007ffbe30b4000 	C:\WINDOWS\System32\OLEAUT32.dll
0x00007ffbdf1c0000 - 0x00007ffbdf24f000 	C:\WINDOWS\SYSTEM32\apphelp.dll
0x00007ffbdf430000 - 0x00007ffbdf4c9000 	C:\WINDOWS\system32\uxtheme.dll
0x00007ffbe3bf0000 - 0x00007ffbe3d25000 	C:\WINDOWS\System32\MSCTF.dll
0x00007ffb96730000 - 0x00007ffb967af000 	C:\Program Files\ASUSTeKcomputer.Inc\Sonic Suite 3\Foundation\x64\SS3DevProps.dll
0x00007ffbe3270000 - 0x00007ffbe33c6000 	C:\WINDOWS\System32\ole32.dll
0x00007ffbe3430000 - 0x00007ffbe34d2000 	C:\WINDOWS\System32\clbcatq.dll
0x00007ffbd54e0000 - 0x00007ffbd5552000 	C:\WINDOWS\System32\MMDevApi.dll
0x00007ffbe0eb0000 - 0x00007ffbe0eda000 	C:\WINDOWS\System32\DEVOBJ.dll
0x00007ffbd5560000 - 0x00007ffbd56bd000 	C:\WINDOWS\SYSTEM32\AUDIOSES.DLL
0x00007ffbdcc60000 - 0x00007ffbdcdb3000 	C:\WINDOWS\SYSTEM32\wintypes.dll
0x00007ffbdda70000 - 0x00007ffbddb5f000 	C:\WINDOWS\SYSTEM32\PropSys.dll
0x00007ffbdf850000 - 0x00007ffbdf87d000 	C:\WINDOWS\system32\DWMAPI.DLL
0x00007ffbd3480000 - 0x00007ffbd34c7000 	C:\Program Files\Java\jdk1.8.0_192\jre\bin\fontmanager.dll
0x00007ffbc1c50000 - 0x00007ffbc1da6000 	C:\WINDOWS\system32\opengl32.dll
0x00007ffbd0690000 - 0x00007ffbd06bc000 	C:\WINDOWS\SYSTEM32\GLU32.dll
0x00007ffbdfd20000 - 0x00007ffbdfd40000 	C:\WINDOWS\SYSTEM32\dxcore.dll
0x00007ffbdbd00000 - 0x00007ffbdbeaf000 	C:\WINDOWS\SYSTEM32\WindowsCodecs.dll
0x00007ffbcbdf0000 - 0x00007ffbcbe2a000 	C:\WINDOWS\system32\dataexchange.dll
0x00007ffbde1a0000 - 0x00007ffbde3fb000 	C:\WINDOWS\system32\d3d11.dll
0x00007ffbde9d0000 - 0x00007ffbdebab000 	C:\WINDOWS\system32\dcomp.dll
0x00007ffbdfdb0000 - 0x00007ffbdfe9b000 	C:\WINDOWS\system32\dxgi.dll
0x00007ffbdf500000 - 0x00007ffbdf75a000 	C:\WINDOWS\system32\twinapi.appcore.dll
0x00007ffbdf960000 - 0x00007ffbdf989000 	C:\WINDOWS\system32\RMCLIENT.dll
0x00007ffbdd9e0000 - 0x00007ffbdd9fa000 	C:\Program Files\Java\jdk1.8.0_192\jre\bin\net.dll
0x00007ffbe0920000 - 0x00007ffbe0987000 	C:\WINDOWS\system32\mswsock.dll
0x00007ffbdb0d0000 - 0x00007ffbdb0e1000 	C:\Program Files\Java\jdk1.8.0_192\jre\bin\nio.dll
0x00007ffbd3430000 - 0x00007ffbd3472000 	C:\Program Files\Java\jdk1.8.0_192\jre\bin\t2k.dll
0x00007ffbd2d50000 - 0x00007ffbd2dee000 	C:\WINDOWS\System32\TextInputFramework.dll
0x00007ffbdc720000 - 0x00007ffbdca4a000 	C:\WINDOWS\System32\CoreUIComponents.dll
0x00007ffbde860000 - 0x00007ffbde934000 	C:\WINDOWS\System32\CoreMessaging.dll
0x00007ffbe0110000 - 0x00007ffbe0141000 	C:\WINDOWS\SYSTEM32\ntmarta.dll
0x00007ffbd5980000 - 0x00007ffbd59aa000 	C:\Program Files\Java\jdk1.8.0_192\jre\bin\dcpr.dll
0x00007ffbd16c0000 - 0x00007ffbd1966000 	C:\WINDOWS\System32\iertutil.dll

VM Arguments:
jvm_args: -Dfile.encoding=UTF-8 
java_command: Home.Login
java_class_path (initial): C:\Program Files\NetBeans 8.2\java\modules\ext\AbsoluteLayout.jar;C:\Program Files\NetBeans 8.2\ide\modules\ext\mysql-connector-java-5.1.23-bin.jar;C:\Users\Asus\Documents\NetBeansProjects\app kependudukan\lib\mysql-connector-java-8.0.18.jar;C:\Users\Asus\Documents\NetBeansProjects\Perkantoran\build\classes
Launcher Type: SUN_STANDARD

Environment Variables:
PATH=C:\oraclexe\app\oracle\product\11.2.0\server\bin;;C:\Program Files (x86)\Common Files\Oracle\Java\javapath;C:\Program Files (x86)\Intel\Intel(R) Management Engine Components\iCLS\;C:\Program Files\Intel\Intel(R) Management Engine Components\iCLS\;C:\Windows\system32;C:\Windows;C:\Windows\System32\Wbem;C:\Windows\System32\WindowsPowerShell\v1.0\;C:\Windows\System32\OpenSSH\;C:\Program Files (x86)\Intel\Intel(R) Management Engine Components\DAL;C:\Program Files\Intel\Intel(R) Management Engine Components\DAL;C:\Program Files (x86)\Intel\Intel(R) Management Engine Components\IPT;C:\Program Files\Intel\Intel(R) Management Engine Components\IPT;C:\Program Files (x86)\NVIDIA Corporation\PhysX\Common;C:\Program Files\Intel\WiFi\bin\;C:\Program Files\Common Files\Intel\WirelessCommon\;C:\WINDOWS;C:\WINDOWS\System32\Wbem;C:\WINDOWS\System32\WindowsPowerShell\v1.0\;C:\WINDOWS\System32\OpenSSH\;C:\Users\Asus\flutter\flutter\bin;C:\Program Files\Git\cmd;C:\Users\Asus\AppData\Local\Microsoft\WindowsApps;C:\Users\Asus\AppData\Local\Programs\Microsoft VS Code\bin;C:\Users\Asus\flutter\flutter\bin;
USERNAME=Asus
OS=Windows_NT
PROCESSOR_IDENTIFIER=Intel64 Family 6 Model 158 Stepping 10, GenuineIntel



---------------  S Y S T E M  ---------------

OS: Windows 10.0 , 64 bit Build 18362 (10.0.18362.329)

CPU:total 12 (initial active 12) (6 cores per cpu, 2 threads per core) family 6 model 158 stepping 10, cmov, cx8, fxsr, mmx, sse, sse2, sse3, ssse3, sse4.1, sse4.2, popcnt, avx, avx2, aes, clmul, erms, 3dnowpref, lzcnt, ht, tsc, tscinvbit, bmi1, bmi2, adx

Memory: 4k page, physical 16627960k(3068160k free), swap 47732852k(532k free)

vm_info: Java HotSpot(TM) 64-Bit Server VM (25.192-b12) for windows-amd64 JRE (1.8.0_192-b12), built on Oct  6 2018 17:12:23 by "java_re" with MS VC++ 10.0 (VS2010)

time: Sun Jan 05 20:09:44 2020
timezone: SE Asia Standard Time
elapsed time: 4 seconds (0d 0h 0m 4s)

