#
# There is insufficient memory for the Java Runtime Environment to continue.
# Native memory allocation (malloc) failed to allocate 32744 bytes for ChunkPool::allocate
# Possible reasons:
#   The system is out of physical RAM or swap space
#   The process is running with CompressedOops enabled, and the Java Heap may be blocking the growth of the native heap
# Possible solutions:
#   Reduce memory load on the system
#   Increase physical memory or swap space
#   Check if swap backing store is full
#   Decrease Java heap size (-Xmx/-Xms)
#   Decrease number of Java threads
#   Decrease Java thread stack sizes (-Xss)
#   Set larger code cache with -XX:ReservedCodeCacheSize=
#   JVM is running with Zero Based Compressed Oops mode in which the Java heap is
#     placed in the first 32GB address space. The Java Heap base address is the
#     maximum limit for the native heap growth. Please use -XX:HeapBaseMinAddress
#     to set the Java Heap base and to place the Java Heap above 32GB virtual address.
# This output file may be truncated or incomplete.
#
#  Out of Memory Error (allocation.cpp:273), pid=5488, tid=0x00000000000023c4
#
# JRE version: Java(TM) SE Runtime Environment (8.0_192-b12) (build 1.8.0_192-b12)
# Java VM: Java HotSpot(TM) 64-Bit Server VM (25.192-b12 mixed mode windows-amd64 compressed oops)
# Failed to write core dump. Minidumps are not enabled by default on client versions of Windows
#

---------------  T H R E A D  ---------------

Current thread (0x000000001cbee800):  JavaThread "C1 CompilerThread3" daemon [_thread_in_native, id=9156, stack(0x000000001fc10000,0x000000001fd10000)]

Stack: [0x000000001fc10000,0x000000001fd10000]
[error occurred during error reporting (printing stack bounds), id 0xc0000005]

Native frames: (J=compiled Java code, j=interpreted, Vv=VM code, C=native code)


Current CompileTask:
C1:    449  359       3       com.sun.tools.javac.parser.JavacParser::term3 (2502 bytes)


---------------  P R O C E S S  ---------------

Java Threads: ( => current thread )
  0x000000001e358800 JavaThread "Service Thread" daemon [_thread_blocked, id=18556, stack(0x000000001fd10000,0x000000001fe10000)]
=>0x000000001cbee800 JavaThread "C1 CompilerThread3" daemon [_thread_in_native, id=9156, stack(0x000000001fc10000,0x000000001fd10000)]
  0x000000001cbea000 JavaThread "C2 CompilerThread2" daemon [_thread_in_native, id=18076, stack(0x000000001fb10000,0x000000001fc10000)]
  0x000000001e2c6800 JavaThread "C2 CompilerThread1" daemon [_thread_in_native, id=20120, stack(0x000000001fa10000,0x000000001fb10000)]
  0x000000001e2c0800 JavaThread "C2 CompilerThread0" daemon [_thread_in_native, id=11644, stack(0x000000001f910000,0x000000001fa10000)]
  0x000000001e2bf800 JavaThread "Attach Listener" daemon [_thread_blocked, id=2608, stack(0x000000001f810000,0x000000001f910000)]
  0x000000001e2cf800 JavaThread "Signal Dispatcher" daemon [_thread_blocked, id=7120, stack(0x000000001f710000,0x000000001f810000)]
  0x000000001cbe4000 JavaThread "Finalizer" daemon [_thread_blocked, id=16216, stack(0x000000001f510000,0x000000001f610000)]
  0x000000001cbdd800 JavaThread "Reference Handler" daemon [_thread_blocked, id=20248, stack(0x000000001f410000,0x000000001f510000)]
  0x0000000002f23000 JavaThread "main" [_thread_in_Java, id=10508, stack(0x0000000002d80000,0x0000000002e80000)]

Other Threads:
  0x000000001cbd5800 VMThread [stack: 0x000000001f310000,0x000000001f410000] [id=9132]
  0x000000001e387000 WatcherThread [stack: 0x000000001fe10000,0x000000001ff10000] [id=8916]

VM state:not at safepoint (normal execution)

VM Mutex/Monitor currently owned by a thread: None

heap address: 0x00000006c2400000, size: 4060 MB, Compressed Oops mode: Zero based, Oop shift amount: 3
Narrow klass base: 0x0000000000000000, Narrow klass shift: 3
Compressed class space size: 1073741824 Address: 0x00000007c0000000

Heap:
 PSYoungGen      total 6656K, used 3489K [0x000000076b700000, 0x000000076be00000, 0x00000007c0000000)
  eden space 6144K, 48% used [0x000000076b700000,0x000000076b9e8680,0x000000076bd00000)
  from space 512K, 100% used [0x000000076bd80000,0x000000076be00000,0x000000076be00000)
  to   space 512K, 0% used [0x000000076bd00000,0x000000076bd00000,0x000000076bd80000)
 ParOldGen       total 5632K, used 944K [0x00000006c2400000, 0x00000006c2980000, 0x000000076b700000)
  object space 5632K, 16% used [0x00000006c2400000,0x00000006c24ec070,0x00000006c2980000)
 Metaspace       used 7185K, capacity 8148K, committed 8448K, reserved 1056768K
  class space    used 878K, capacity 912K, committed 1024K, reserved 1048576K

Card table byte_map: [0x00000000123e0000,0x0000000012bd0000] byte_map_base: 0x000000000edce000

Marking Bits: (ParMarkBitMap*) 0x0000000056f73ce0
 Begin Bits: [0x0000000013b20000, 0x0000000017a90000)
 End Bits:   [0x0000000017a90000, 0x000000001ba00000)

Polling page: 0x00000000012b0000

CodeCache: size=245760Kb used=2032Kb max_used=2032Kb free=243727Kb
 bounds [0x0000000003020000, 0x0000000003290000, 0x0000000012020000]
 total_blobs=638 nmethods=352 adapters=197
 compilation: enabled

Compilation events (10 events):
Event: 0.440 Thread 0x000000001cbee800  359       3       com.sun.tools.javac.parser.JavacParser::term3 (2502 bytes)
Event: 0.440 Thread 0x000000001e2c0800  365       4       com.sun.tools.javac.util.Convert::chars2utf (159 bytes)
Event: 0.442 Thread 0x000000001cbea000  366       4       com.sun.tools.javac.parser.UnicodeReader::scanCommentChar (41 bytes)
Event: 0.443 Thread 0x000000001e2c6800  368   !   4       com.sun.tools.javac.parser.JavaTokenizer::readToken (2243 bytes)
Event: 0.444 Thread 0x000000001cbea000 nmethod 366 0x0000000003218090 code [0x00000000032181e0, 0x00000000032182d8]
Event: 0.444 Thread 0x000000001e2c0800 nmethod 365 0x0000000003217bd0 code [0x0000000003217d00, 0x0000000003217f78]
Event: 0.445 Thread 0x000000001cbea000  372       4       java.util.ArrayList::isEmpty (13 bytes)
Event: 0.445 Thread 0x000000001cbea000 nmethod 372 0x0000000003217950 code [0x0000000003217a80, 0x0000000003217af8]
Event: 0.445 Thread 0x000000001cbea000  373       4       com.sun.tools.javac.parser.JavacParser::nextToken (23 bytes)
Event: 0.446 Thread 0x000000001e2c0800  375       4       com.sun.tools.javac.util.Name$Table::equals (44 bytes)

GC Heap History (8 events):
Event: 0.119 GC heap before
{Heap before GC invocations=1 (full 0):
 PSYoungGen      total 2048K, used 1532K [0x000000076b700000, 0x000000076b980000, 0x00000007c0000000)
  eden space 1536K, 99% used [0x000000076b700000,0x000000076b87f280,0x000000076b880000)
  from space 512K, 0% used [0x000000076b900000,0x000000076b900000,0x000000076b980000)
  to   space 512K, 0% used [0x000000076b880000,0x000000076b880000,0x000000076b900000)
 ParOldGen       total 5632K, used 0K [0x00000006c2400000, 0x00000006c2980000, 0x000000076b700000)
  object space 5632K, 0% used [0x00000006c2400000,0x00000006c2400000,0x00000006c2980000)
 Metaspace       used 3230K, capacity 4812K, committed 5120K, reserved 1056768K
  class space    used 375K, capacity 456K, committed 512K, reserved 1048576K
Event: 0.122 GC heap after
Heap after GC invocations=1 (full 0):
 PSYoungGen      total 2048K, used 512K [0x000000076b700000, 0x000000076bb00000, 0x00000007c0000000)
  eden space 1536K, 0% used [0x000000076b700000,0x000000076b700000,0x000000076b880000)
  from space 512K, 100% used [0x000000076b880000,0x000000076b900000,0x000000076b900000)
  to   space 512K, 0% used [0x000000076ba80000,0x000000076ba80000,0x000000076bb00000)
 ParOldGen       total 5632K, used 56K [0x00000006c2400000, 0x00000006c2980000, 0x000000076b700000)
  object space 5632K, 0% used [0x00000006c2400000,0x00000006c240e020,0x00000006c2980000)
 Metaspace       used 3230K, capacity 4812K, committed 5120K, reserved 1056768K
  class space    used 375K, capacity 456K, committed 512K, reserved 1048576K
}
Event: 0.180 GC heap before
{Heap before GC invocations=2 (full 0):
 PSYoungGen      total 2048K, used 2010K [0x000000076b700000, 0x000000076bb00000, 0x00000007c0000000)
  eden space 1536K, 97% used [0x000000076b700000,0x000000076b876810,0x000000076b880000)
  from space 512K, 100% used [0x000000076b880000,0x000000076b900000,0x000000076b900000)
  to   space 512K, 0% used [0x000000076ba80000,0x000000076ba80000,0x000000076bb00000)
 ParOldGen       total 5632K, used 56K [0x00000006c2400000, 0x00000006c2980000, 0x000000076b700000)
  object space 5632K, 0% used [0x00000006c2400000,0x00000006c240e020,0x00000006c2980000)
 Metaspace       used 3994K, capacity 5388K, committed 5760K, reserved 1056768K
  class space    used 475K, capacity 520K, committed 640K, reserved 1048576K
Event: 0.182 GC heap after
Heap after GC invocations=2 (full 0):
 PSYoungGen      total 3584K, used 480K [0x000000076b700000, 0x000000076bb00000, 0x00000007c0000000)
  eden space 3072K, 0% used [0x000000076b700000,0x000000076b700000,0x000000076ba00000)
  from space 512K, 93% used [0x000000076ba80000,0x000000076baf8020,0x000000076bb00000)
  to   space 512K, 0% used [0x000000076ba00000,0x000000076ba00000,0x000000076ba80000)
 ParOldGen       total 5632K, used 152K [0x00000006c2400000, 0x00000006c2980000, 0x000000076b700000)
  object space 5632K, 2% used [0x00000006c2400000,0x00000006c2426020,0x00000006c2980000)
 Metaspace       used 3994K, capacity 5388K, committed 5760K, reserved 1056768K
  class space    used 475K, capacity 520K, committed 640K, reserved 1048576K
}
Event: 0.241 GC heap before
{Heap before GC invocations=3 (full 0):
 PSYoungGen      total 3584K, used 3499K [0x000000076b700000, 0x000000076bb00000, 0x00000007c0000000)
  eden space 3072K, 98% used [0x000000076b700000,0x000000076b9f2fd8,0x000000076ba00000)
  from space 512K, 93% used [0x000000076ba80000,0x000000076baf8020,0x000000076bb00000)
  to   space 512K, 0% used [0x000000076ba00000,0x000000076ba00000,0x000000076ba80000)
 ParOldGen       total 5632K, used 152K [0x00000006c2400000, 0x00000006c2980000, 0x000000076b700000)
  object space 5632K, 2% used [0x00000006c2400000,0x00000006c2426020,0x00000006c2980000)
 Metaspace       used 4930K, capacity 6284K, committed 6656K, reserved 1056768K
  class space    used 607K, capacity 648K, committed 768K, reserved 1048576K
Event: 0.242 GC heap after
Heap after GC invocations=3 (full 0):
 PSYoungGen      total 3584K, used 511K [0x000000076b700000, 0x000000076be00000, 0x00000007c0000000)
  eden space 3072K, 0% used [0x000000076b700000,0x000000076b700000,0x000000076ba00000)
  from space 512K, 99% used [0x000000076ba00000,0x000000076ba7fc10,0x000000076ba80000)
  to   space 512K, 0% used [0x000000076bd80000,0x000000076bd80000,0x000000076be00000)
 ParOldGen       total 5632K, used 640K [0x00000006c2400000, 0x00000006c2980000, 0x000000076b700000)
  object space 5632K, 11% used [0x00000006c2400000,0x00000006c24a0040,0x00000006c2980000)
 Metaspace       used 4930K, capacity 6284K, committed 6656K, reserved 1056768K
  class space    used 607K, capacity 648K, committed 768K, reserved 1048576K
}
Event: 0.350 GC heap before
{Heap before GC invocations=4 (full 0):
 PSYoungGen      total 3584K, used 3583K [0x000000076b700000, 0x000000076be00000, 0x00000007c0000000)
  eden space 3072K, 100% used [0x000000076b700000,0x000000076ba00000,0x000000076ba00000)
  from space 512K, 99% used [0x000000076ba00000,0x000000076ba7fc10,0x000000076ba80000)
  to   space 512K, 0% used [0x000000076bd80000,0x000000076bd80000,0x000000076be00000)
 ParOldGen       total 5632K, used 640K [0x00000006c2400000, 0x00000006c2980000, 0x000000076b700000)
  object space 5632K, 11% used [0x00000006c2400000,0x00000006c24a0040,0x00000006c2980000)
 Metaspace       used 6032K, capacity 7276K, committed 7552K, reserved 1056768K
  class space    used 759K, capacity 808K, committed 896K, reserved 1048576K
Event: 0.352 GC heap after
Heap after GC invocations=4 (full 0):
 PSYoungGen      total 6656K, used 512K [0x000000076b700000, 0x000000076be00000, 0x00000007c0000000)
  eden space 6144K, 0% used [0x000000076b700000,0x000000076b700000,0x000000076bd00000)
  from space 512K, 100% used [0x000000076bd80000,0x000000076be00000,0x000000076be00000)
  to   space 512K, 0% used [0x000000076bd00000,0x000000076bd00000,0x000000076bd80000)
 ParOldGen       total 5632K, used 944K [0x00000006c2400000, 0x00000006c2980000, 0x000000076b700000)
  object space 5632K, 16% used [0x00000006c2400000,0x00000006c24ec070,0x00000006c2980000)
 Metaspace       used 6032K, capacity 7276K, committed 7552K, reserved 1056768K
  class space    used 759K, capacity 808K, committed 896K, reserved 1048576K
}

Deoptimization events (5 events):
Event: 0.402 Thread 0x0000000002f23000 Uncommon trap: reason=unstable_if action=reinterpret pc=0x0000000003199378 method=java.lang.String.replace(CC)Ljava/lang/String; @ 26
Event: 0.405 Thread 0x0000000002f23000 Uncommon trap: reason=unstable_if action=reinterpret pc=0x00000000031dc0bc method=java.lang.String.<init>([CII)V @ 18
Event: 0.405 Thread 0x0000000002f23000 Uncommon trap: reason=unstable_if action=reinterpret pc=0x000000000315ce9c method=java.lang.String.startsWith(Ljava/lang/String;I)Z @ 25
Event: 0.405 Thread 0x0000000002f23000 Uncommon trap: reason=unloaded action=reinterpret pc=0x00000000031cbb6c method=sun.misc.URLClassPath$JarLoader.getResource(Ljava/lang/String;Z)Lsun/misc/Resource; @ 67
Event: 0.406 Thread 0x0000000002f23000 Uncommon trap: reason=class_check action=maybe_recompile pc=0x00000000031b58c4 method=sun.misc.URLClassPath.getLoader(I)Lsun/misc/URLClassPath$Loader; @ 94

Classes redefined (0 events):
No events

Internal exceptions (8 events):
Event: 0.034 Thread 0x0000000002f23000 Exception <a 'java/lang/NoSuchMethodError': Method sun.misc.Unsafe.defineClass(Ljava/lang/String;[BII)Ljava/lang/Class; name or signature does not match> (0x000000076b707cd8) thrown at [C:\workspace\8-2-build-windows-amd64-cygwin\jdk8u192\11897\hotspot\sr
Event: 0.034 Thread 0x0000000002f23000 Exception <a 'java/lang/NoSuchMethodError': Method sun.misc.Unsafe.prefetchRead(Ljava/lang/Object;J)V name or signature does not match> (0x000000076b707fc0) thrown at [C:\workspace\8-2-build-windows-amd64-cygwin\jdk8u192\11897\hotspot\src\share\vm\prims\j
Event: 0.117 Thread 0x0000000002f23000 Exception <a 'java/security/PrivilegedActionException'> (0x000000076b869018) thrown at [C:\workspace\8-2-build-windows-amd64-cygwin\jdk8u192\11897\hotspot\src\share\vm\prims\jvm.cpp, line 1435]
Event: 0.117 Thread 0x0000000002f23000 Exception <a 'java/security/PrivilegedActionException'> (0x000000076b869410) thrown at [C:\workspace\8-2-build-windows-amd64-cygwin\jdk8u192\11897\hotspot\src\share\vm\prims\jvm.cpp, line 1435]
Event: 0.118 Thread 0x0000000002f23000 Exception <a 'java/security/PrivilegedActionException'> (0x000000076b86d508) thrown at [C:\workspace\8-2-build-windows-amd64-cygwin\jdk8u192\11897\hotspot\src\share\vm\prims\jvm.cpp, line 1435]
Event: 0.118 Thread 0x0000000002f23000 Exception <a 'java/security/PrivilegedActionException'> (0x000000076b86d900) thrown at [C:\workspace\8-2-build-windows-amd64-cygwin\jdk8u192\11897\hotspot\src\share\vm\prims\jvm.cpp, line 1435]
Event: 0.124 Thread 0x0000000002f23000 Exception <a 'java/security/PrivilegedActionException'> (0x000000076b7131f0) thrown at [C:\workspace\8-2-build-windows-amd64-cygwin\jdk8u192\11897\hotspot\src\share\vm\prims\jvm.cpp, line 1435]
Event: 0.124 Thread 0x0000000002f23000 Exception <a 'java/security/PrivilegedActionException'> (0x000000076b7135e8) thrown at [C:\workspace\8-2-build-windows-amd64-cygwin\jdk8u192\11897\hotspot\src\share\vm\prims\jvm.cpp, line 1435]

Events (10 events):
Event: 0.428 loading class com/sun/tools/javac/util/Position$LineMapImpl
Event: 0.428 loading class com/sun/tools/javac/util/Position$LineMapImpl done
Event: 0.428 loading class com/sun/tools/javac/util/Position$LineMap
Event: 0.428 loading class com/sun/tools/javac/util/Position$LineMap done
Event: 0.428 loading class com/sun/tools/javac/util/Position$LineTabMapImpl
Event: 0.428 loading class com/sun/tools/javac/util/Position$LineTabMapImpl done
Event: 0.439 loading class com/sun/tools/javac/tree/JCTree$1
Event: 0.439 loading class com/sun/tools/javac/tree/JCTree$1 done
Event: 0.439 loading class com/sun/tools/javac/code/BoundKind
Event: 0.439 loading class com/sun/tools/javac/code/BoundKind done


Dynamic libraries:
0x00007ff7d8530000 - 0x00007ff7d8537000 	C:\Program Files\Java\jdk1.8.0_192\bin\javac.exe
0x00007ff831840000 - 0x00007ff831a30000 	C:\WINDOWS\SYSTEM32\ntdll.dll
0x00007ffffd780000 - 0x00007ffffd794000 	C:\Program Files\AVAST Software\Avast\aswhook.dll
0x00007ff82fb20000 - 0x00007ff82fbd2000 	C:\WINDOWS\System32\KERNEL32.DLL
0x00007ff82ed10000 - 0x00007ff82efb3000 	C:\WINDOWS\System32\KERNELBASE.dll
0x00007ff80c340000 - 0x00007ff80c36f000 	C:\Program Files\Java\jdk1.8.0_192\bin\jli.dll
0x00007ff82f910000 - 0x00007ff82f9b3000 	C:\WINDOWS\System32\ADVAPI32.dll
0x00007ff831020000 - 0x00007ff8310be000 	C:\WINDOWS\System32\msvcrt.dll
0x00007ff830740000 - 0x00007ff8307d7000 	C:\WINDOWS\System32\sechost.dll
0x00007ff8316e0000 - 0x00007ff831800000 	C:\WINDOWS\System32\RPCRT4.dll
0x00007ff830b50000 - 0x00007ff830ce4000 	C:\WINDOWS\System32\USER32.dll
0x00007ff82eb90000 - 0x00007ff82ebb1000 	C:\WINDOWS\System32\win32u.dll
0x00007ff831430000 - 0x00007ff831456000 	C:\WINDOWS\System32\GDI32.dll
0x00007ff82e9f0000 - 0x00007ff82eb84000 	C:\WINDOWS\System32\gdi32full.dll
0x00007ff82f850000 - 0x00007ff82f8ee000 	C:\WINDOWS\System32\msvcp_win.dll
0x00007ff82ebc0000 - 0x00007ff82ecba000 	C:\WINDOWS\System32\ucrtbase.dll
0x0000000056590000 - 0x0000000056661000 	C:\Program Files\Java\jdk1.8.0_192\bin\MSVCR100.dll
0x00007ff81fbb0000 - 0x00007ff81fe35000 	C:\WINDOWS\WinSxS\amd64_microsoft.windows.common-controls_6595b64144ccf1df_6.0.18362.535_none_e6c3b34713100821\COMCTL32.dll
0x00007ff8307e0000 - 0x00007ff830b16000 	C:\WINDOWS\System32\combase.dll
0x00007ff82f740000 - 0x00007ff82f7c0000 	C:\WINDOWS\System32\bcryptPrimitives.dll
0x00007ff830b20000 - 0x00007ff830b4e000 	C:\WINDOWS\System32\IMM32.DLL
0x0000000056670000 - 0x0000000056741000 	C:\Program Files\Java\jdk1.8.0_192\jre\bin\msvcr100.dll
0x0000000056750000 - 0x0000000056ff3000 	C:\Program Files\Java\jdk1.8.0_192\jre\bin\server\jvm.dll
0x00007ff82f900000 - 0x00007ff82f908000 	C:\WINDOWS\System32\PSAPI.DLL
0x00007ff81aa60000 - 0x00007ff81aa69000 	C:\WINDOWS\SYSTEM32\WSOCK32.dll
0x00007ff8314c0000 - 0x00007ff83152f000 	C:\WINDOWS\System32\WS2_32.dll
0x00007ff82aeb0000 - 0x00007ff82aed4000 	C:\WINDOWS\SYSTEM32\WINMM.dll
0x00007ff825d80000 - 0x00007ff825d8a000 	C:\WINDOWS\SYSTEM32\VERSION.dll
0x00007ff82ae80000 - 0x00007ff82aead000 	C:\WINDOWS\SYSTEM32\WINMMBASE.dll
0x00007ff82ecc0000 - 0x00007ff82ed0a000 	C:\WINDOWS\System32\cfgmgr32.dll
0x00007ff829780000 - 0x00007ff82978f000 	C:\Program Files\Java\jdk1.8.0_192\jre\bin\verify.dll
0x00007ff818920000 - 0x00007ff818949000 	C:\Program Files\Java\jdk1.8.0_192\jre\bin\java.dll
0x00007ff820820000 - 0x00007ff820836000 	C:\Program Files\Java\jdk1.8.0_192\jre\bin\zip.dll
0x00007ff830050000 - 0x00007ff830735000 	C:\WINDOWS\System32\SHELL32.dll
0x00007ff830ea0000 - 0x00007ff830f49000 	C:\WINDOWS\System32\shcore.dll
0x00007ff82efc0000 - 0x00007ff82f73f000 	C:\WINDOWS\System32\windows.storage.dll
0x00007ff82e740000 - 0x00007ff82e75f000 	C:\WINDOWS\System32\profapi.dll
0x00007ff82e780000 - 0x00007ff82e7ca000 	C:\WINDOWS\System32\powrprof.dll
0x00007ff82e710000 - 0x00007ff82e720000 	C:\WINDOWS\System32\UMPDC.dll
0x00007ff82fa40000 - 0x00007ff82fa92000 	C:\WINDOWS\System32\shlwapi.dll
0x00007ff82e760000 - 0x00007ff82e771000 	C:\WINDOWS\System32\kernel.appcore.dll
0x00007ff82e920000 - 0x00007ff82e937000 	C:\WINDOWS\System32\cryptsp.dll

VM Arguments:
jvm_args: -Dapplication.home=C:\Program Files\Java\jdk1.8.0_192 -Xms8m 
java_command: com.sun.tools.javac.Main -d C:\Users\Asus\Documents\NetBeansProjects\Perkantoran\build\classes -classpath C:\Users\Asus\Documents\NetBeansProjects\Perkantoran\build\classes;C:\Program Files\NetBeans 8.2\java\modules\ext\AbsoluteLayout.jar;C:\Program Files\NetBeans 8.2\ide\modules\ext\mysql-connector-java-5.1.23-bin.jar;C:\Users\Asus\Documents\NetBeansProjects\app kependudukan\lib\mysql-connector-java-8.0.18.jar -sourcepath C:\Users\Asus\Documents\NetBeansProjects\Perkantoran\build\empty -target 1.8 -encoding UTF-8 -g -processorpath C:\Program Files\NetBeans 8.2\java\modules\ext\AbsoluteLayout.jar;C:\Program Files\NetBeans 8.2\ide\modules\ext\mysql-connector-java-5.1.23-bin.jar;C:\Users\Asus\Documents\NetBeansProjects\app kependudukan\lib\mysql-connector-java-8.0.18.jar;C:\Users\Asus\Documents\NetBeansProjects\Perkantoran\build\empty -s C:\Users\Asus\Documents\NetBeansProjects\Perkantoran\build\generated-sources\ap-source-output -source 1.8 C:\Users\Asus\Documents\NetBeansProjects\Perkantoran\src\Apps\DataKaryawan.java C:\Users\Asus\Documents\NetBeansProjects\Perkantoran\src\Apps\HalamanUtama.java C:\Users\Asus\Documents\NetBeansProjects\Perkantoran\src\Apps\Login.java C:\Users\Asus\Documents\NetBeansProjects\Perkantoran\src\Apps\Tambahdata.java C:\Users\Asus\Documents\NetBeansProjects\Perkantoran\src\Apps\karyawan.java C:\Users\Asus\Documents\NetBeansProjects\Perkantoran\src\Apps\konfig.java C:\Users\Asus\Documents\NetBeansProjects\Perkantoran\src\Home\Datakaryawan.java C:\Users\Asus\Documents\NetBeansProjects\Perkantoran\src\Home\HalamanUtama.java C:\Users\Asus\Documents\NetBeansProjects\Perkantoran\src\Home\Koneksi.java C:\Users\Asus\Documents\NetBeansProjects\Perkantoran\src\Home\Login.java
java_class_path (initial): C:\Program Files\Java\jdk1.8.0_192/lib/tools.jar;C:\Program Files\Java\jdk1.8.0_192/classes
Launcher Type: SUN_STANDARD

Environment Variables:
PATH=C:\Program Files (x86)\Common Files\Oracle\Java\javapath;C:\Program Files (x86)\Intel\Intel(R) Management Engine Components\iCLS\;C:\Program Files\Intel\Intel(R) Management Engine Components\iCLS\;C:\Windows\system32;C:\Windows;C:\Windows\System32\Wbem;C:\Windows\System32\WindowsPowerShell\v1.0\;C:\Windows\System32\OpenSSH\;C:\Program Files (x86)\Intel\Intel(R) Management Engine Components\DAL;C:\Program Files\Intel\Intel(R) Management Engine Components\DAL;C:\Program Files (x86)\Intel\Intel(R) Management Engine Components\IPT;C:\Program Files\Intel\Intel(R) Management Engine Components\IPT;C:\Program Files (x86)\NVIDIA Corporation\PhysX\Common;C:\Program Files\Intel\WiFi\bin\;C:\Program Files\Common Files\Intel\WirelessCommon\;C:\WINDOWS;C:\WINDOWS\System32\Wbem;C:\WINDOWS\System32\WindowsPowerShell\v1.0\;C:\WINDOWS\System32\OpenSSH\;C:\Users\Asus\flutter\flutter\bin;C:\Program Files\Git\cmd;C:\Users\Asus\AppData\Local\Microsoft\WindowsApps;C:\Users\Asus\AppData\Local\Programs\Microsoft VS Code\bin;C:\Users\Asus\flutter\flutter\bin;
USERNAME=Asus
OS=Windows_NT
PROCESSOR_IDENTIFIER=Intel64 Family 6 Model 158 Stepping 10, GenuineIntel



---------------  S Y S T E M  ---------------

OS: Windows 10.0 , 64 bit Build 18362 (10.0.18362.329)

CPU:total 12 (initial active 12) (6 cores per cpu, 2 threads per core) family 6 model 158 stepping 10, cmov, cx8, fxsr, mmx, sse, sse2, sse3, ssse3, sse4.1, sse4.2, popcnt, avx, avx2, aes, clmul, erms, 3dnowpref, lzcnt, ht, tsc, tscinvbit, bmi1, bmi2, adx

Memory: 4k page, physical 16627960k(5184944k free), swap 47732852k(4116k free)

vm_info: Java HotSpot(TM) 64-Bit Server VM (25.192-b12) for windows-amd64 JRE (1.8.0_192-b12), built on Oct  6 2018 17:12:23 by "java_re" with MS VC++ 10.0 (VS2010)

time: Sat Dec 28 10:44:48 2019
timezone: SE Asia Standard Time
elapsed time: 0 seconds (0d 0h 0m 0s)

